[17:44:47] [main/INFO] (FabricLoader/GameProvider) Loading Minecraft 1.19.3 with Fabric Loader 0.14.11
[17:44:47] [main/INFO] (FabricLoader) Loading 45 mods:
	- fabric-api 0.68.1+1.19.3
	- fabric-api-base 0.4.19+8d1895cf72
	- fabric-api-lookup-api-v1 1.6.18+49abcf7e72
	- fabric-biome-api-v1 12.0.0+689f5e7172
	- fabric-block-api-v1 1.0.3+12bfe4ea72
	- fabric-blockrenderlayer-v1 1.1.28+c6af733c72
	- fabric-client-tags-api-v1 1.0.9+49abcf7e72
	- fabric-command-api-v2 2.1.15+49abcf7e72
	- fabric-content-registries-v0 3.4.11+49abcf7e72
	- fabric-convention-tags-v1 1.1.9+2894d6df72
	- fabric-crash-report-info-v1 0.2.12+aeb40ebe72
	- fabric-data-generation-api-v1 11.0.1+65e415cb72
	- fabric-dimensions-v1 2.1.39+48349a3f72
	- fabric-entity-events-v1 1.5.5+b83334a072
	- fabric-events-interaction-v0 0.4.37+422b77fb72
	- fabric-game-rule-api-v1 1.0.28+2894d6df72
	- fabric-gametest-api-v1 1.1.13+12a01b0672
	- fabric-item-api-v1 2.1.4+fa25da9972
	- fabric-item-group-api-v1 2.1.6+b7096da872
	- fabric-key-binding-api-v1 1.0.28+aaaf9d3372
	- fabric-lifecycle-events-v1 2.2.8+2894d6df72
	- fabric-loot-api-v2 1.1.17+75e9821172
	- fabric-message-api-v1 5.0.12+6ede1da972
	- fabric-mining-level-api-v1 2.1.28+49abcf7e72
	- fabric-models-v0 0.3.25+11ba9c3b72
	- fabric-networking-api-v1 1.2.14+d9ac3c3972
	- fabric-object-builder-api-v1 5.1.6+49abcf7e72
	- fabric-particles-v1 1.0.18+fbde993d72
	- fabric-registry-sync-v0 2.0.1+2608564672
	- fabric-renderer-api-v1 2.1.0+2063beff72
	- fabric-renderer-indigo 0.6.23+11ba9c3b72
	- fabric-rendering-data-attachment-v1 0.3.23+48349a3f72
	- fabric-rendering-fluids-v1 3.0.16+3067f46372
	- fabric-rendering-v1 1.11.7+49abcf7e72
	- fabric-resource-conditions-api-v1 2.2.0+280be3ab72
	- fabric-resource-loader-v0 0.10.2+f6c919d672
	- fabric-screen-api-v1 1.0.38+8c84281072
	- fabric-screen-handler-api-v1 1.3.10+689f5e7172
	- fabric-sound-api-v1 1.0.6+75e9821172
	- fabric-transfer-api-v1 2.1.11+28ac448f72
	- fabric-transitive-access-wideners-v1 2.1.0+0efcd39b72
	- fabrichax 0.0.1
	- fabricloader 0.14.11
	- java 17
	- minecraft 1.19.3
[17:44:48] [main/INFO] (FabricLoader/Mixin) SpongePowered MIXIN Subsystem Version=0.8.5 Source=file:/C:/Users/hjaco/.gradle/caches/modules-2/files-2.1/net.fabricmc/sponge-mixin/0.11.4+mixin.0.8.5/c1dc27696aa4006e492c2485c9ccbcb26045a971/sponge-mixin-0.11.4+mixin.0.8.5.jar Service=Knot/Fabric Env=CLIENT
[17:44:48] [main/INFO] (FabricLoader/Mixin) Loaded Fabric development mappings for mixin remapper!
[17:44:48] [main/INFO] (FabricLoader/Mixin) Compatibility level set to JAVA_16
[17:44:48] [main/INFO] (FabricLoader/Mixin) Compatibility level set to JAVA_17
[17:44:50] [main/WARN] (FileUtil) Configuration conflict: there is more than one oshi.properties file on the classpath: [jar:file:/C:/Users/hjaco/.gradle/caches/modules-2/files-2.1/com.github.oshi/oshi-core/6.2.2/54f5efc19bca95d709d9a37d19ffcbba3d21c1a6/oshi-core-6.2.2.jar!/oshi.properties, jar:file:/C:/Users/hjaco/.gradle/caches/modules-2/files-2.1/com.github.oshi/oshi-core/6.2.2/54f5efc19bca95d709d9a37d19ffcbba3d21c1a6/oshi-core-6.2.2.jar!/oshi.properties]
[17:44:50] [main/WARN] (FileUtil) Configuration conflict: there is more than one oshi.architecture.properties file on the classpath: [jar:file:/C:/Users/hjaco/.gradle/caches/modules-2/files-2.1/com.github.oshi/oshi-core/6.2.2/54f5efc19bca95d709d9a37d19ffcbba3d21c1a6/oshi-core-6.2.2.jar!/oshi.architecture.properties, jar:file:/C:/Users/hjaco/.gradle/caches/modules-2/files-2.1/com.github.oshi/oshi-core/6.2.2/54f5efc19bca95d709d9a37d19ffcbba3d21c1a6/oshi-core-6.2.2.jar!/oshi.architecture.properties]
[17:44:54] [main/INFO] (Minecraft) Building optimized datafixer
[17:44:59] [Render thread/INFO] (Minecraft) Environment: authHost='https://authserver.mojang.com', accountsHost='https://api.mojang.com', sessionHost='https://sessionserver.mojang.com', servicesHost='https://api.minecraftservices.com', name='PROD'
[17:44:59] [Render thread/ERROR] (fabric-screen-api-v1) Failed to verify authentication
com.mojang.authlib.exceptions.InvalidCredentialsException: Status: 401
	at com.mojang.authlib.exceptions.MinecraftClientHttpException.toAuthenticationException(MinecraftClientHttpException.java:56) ~[authlib-3.16.29.jar:?]
	at com.mojang.authlib.yggdrasil.YggdrasilUserApiService.fetchProperties(YggdrasilUserApiService.java:156) ~[authlib-3.16.29.jar:?]
	at com.mojang.authlib.yggdrasil.YggdrasilUserApiService.<init>(YggdrasilUserApiService.java:55) ~[authlib-3.16.29.jar:?]
	at com.mojang.authlib.yggdrasil.YggdrasilAuthenticationService.createUserApiService(YggdrasilAuthenticationService.java:161) ~[authlib-3.16.29.jar:?]
	at net.minecraft.client.MinecraftClient.createUserApiService(MinecraftClient.java:724) ~[minecraft-project-@-merged-named.jar:?]
	at net.minecraft.client.MinecraftClient.<init>(MinecraftClient.java:437) ~[minecraft-project-@-merged-named.jar:?]
	at net.minecraft.client.main.Main.main(Main.java:205) ~[minecraft-project-@-merged-named.jar:?]
	at net.minecraft.client.main.Main.main(Main.java:51) ~[minecraft-project-@-merged-named.jar:?]
	at net.fabricmc.loader.impl.game.minecraft.MinecraftGameProvider.launch(MinecraftGameProvider.java:461) ~[fabric-loader-0.14.11.jar:?]
	at net.fabricmc.loader.impl.launch.knot.Knot.launch(Knot.java:74) ~[fabric-loader-0.14.11.jar:?]
	at net.fabricmc.loader.impl.launch.knot.KnotClient.main(KnotClient.java:23) ~[fabric-loader-0.14.11.jar:?]
	at net.fabricmc.devlaunchinjector.Main.main(Main.java:86) ~[dev-launch-injector-0.2.1+build.8.jar:?]
Caused by: com.mojang.authlib.exceptions.MinecraftClientHttpException: Status: 401
	at com.mojang.authlib.minecraft.client.MinecraftClient.readInputStream(MinecraftClient.java:85) ~[authlib-3.16.29.jar:?]
	at com.mojang.authlib.minecraft.client.MinecraftClient.get(MinecraftClient.java:48) ~[authlib-3.16.29.jar:?]
	at com.mojang.authlib.yggdrasil.YggdrasilUserApiService.fetchProperties(YggdrasilUserApiService.java:129) ~[authlib-3.16.29.jar:?]
	... 10 more
[17:44:59] [Render thread/INFO] (fabric-screen-api-v1) Setting user: Player150
[17:45:00] [Render thread/INFO] (FabricHax) Client Initialized!
[17:45:00] [Render thread/INFO] (Indigo) [Indigo] Registering Indigo renderer!
[17:45:01] [Render thread/INFO] (fabric-screen-api-v1) Backend library: LWJGL version 3.3.1 SNAPSHOT
[17:45:04] [Render thread/INFO] (Minecraft) Narrator library for x64 successfully loaded
[17:45:04] [Render thread/INFO] (Minecraft) Reloading ResourceManager: vanilla, Fabric Mods (Fabric Rendering (v1), Fabric Rendering Data Attachment (v1), Fabric Sound API (v1), Fabric Registry Sync (v0), Fabric Command API (v2), Fabric Item API (v1), Fabric Message API (v1), Fabric Crash Report Info (v1), Fabric Convention Tags, Fabric Data Generation API (v1), Fabric Resource Conditions API (v1), Fabric Client Tags, FabricHax, Fabric Events Interaction (v0), Fabric Mining Level API (v1), Fabric Content Registries (v0), Fabric Key Binding API (v1), Fabric Transitive Access Wideners (v1), Fabric Loot API (v2), Fabric BlockRenderLayer Registration (v1), Fabric API Base, Fabric Game Rule API (v1), Fabric Models (v0), Fabric Networking API (v1), Fabric Particles (v1), Fabric Lifecycle Events (v1), Fabric Biome API (v1), Fabric Rendering Fluids (v1), Fabric Resource Loader (v0), Fabric API, Fabric Screen API (v1), Fabric API Lookup API (v1), Fabric Item Group API (v1), Fabric Renderer API (v1), Fabric Loader, Fabric Renderer - Indigo, Fabric Object Builder API (v1), Fabric Screen Handler API (v1), Fabric Transfer API (v1), Fabric Game Test API (v1), Fabric Dimensions API (v1), Fabric Entity Events (v1))
[17:45:04] [Realms Notification Availability checker #1/INFO] (Minecraft) Could not authorize you against Realms server: Invalid session id
[17:45:07] [Render thread/WARN] (Minecraft) Missing sound for event: minecraft:item.goat_horn.play
[17:45:07] [Render thread/WARN] (Minecraft) Missing sound for event: minecraft:entity.goat.screaming.horn_break
[17:45:08] [Render thread/INFO] (Minecraft) OpenAL initialized on device OpenAL Soft on Speakers (High Definition Audio Device)
[17:45:08] [Render thread/INFO] (Minecraft) Sound engine started
[17:45:08] [Render thread/INFO] (Minecraft) Created: 1024x1024x4 minecraft:textures/atlas/blocks.png-atlas
[17:45:08] [Render thread/INFO] (Minecraft) Created: 512x256x4 minecraft:textures/atlas/signs.png-atlas
[17:45:08] [Render thread/INFO] (Minecraft) Created: 1024x512x4 minecraft:textures/atlas/banner_patterns.png-atlas
[17:45:08] [Render thread/INFO] (Minecraft) Created: 1024x512x4 minecraft:textures/atlas/shield_patterns.png-atlas
[17:45:08] [Render thread/INFO] (Minecraft) Created: 256x256x4 minecraft:textures/atlas/chest.png-atlas
[17:45:08] [Render thread/INFO] (Minecraft) Created: 512x256x4 minecraft:textures/atlas/beds.png-atlas
[17:45:08] [Render thread/INFO] (Minecraft) Created: 512x256x4 minecraft:textures/atlas/shulker_boxes.png-atlas
[17:45:08] [Render thread/WARN] (Minecraft) Shader rendertype_entity_translucent_emissive could not find sampler named Sampler2 in the specified shader program.
[17:45:08] [Render thread/INFO] (Minecraft) Created: 512x256x0 minecraft:textures/atlas/particles.png-atlas
[17:45:08] [Render thread/INFO] (Minecraft) Created: 256x256x0 minecraft:textures/atlas/paintings.png-atlas
[17:45:08] [Render thread/INFO] (Minecraft) Created: 256x128x0 minecraft:textures/atlas/mob_effects.png-atlas
[17:45:31] [Worker-Bootstrap-9/INFO] (Minecraft) 4445 Datafixer optimizations took 36648 milliseconds
[17:45:53] [Render thread/INFO] (Minecraft) Loaded 7 recipes
[17:45:53] [Render thread/INFO] (Minecraft) Loaded 1179 advancements
[17:45:54] [Render thread/INFO] (BiomeModificationImpl) Applied 0 biome modifications to 0 of 63 new biomes in 1.894 ms
[17:45:54] [Server thread/INFO] (Minecraft) Starting integrated minecraft server version 1.19.3
[17:45:54] [Server thread/INFO] (Minecraft) Generating keypair
[17:45:54] [Server thread/INFO] (Minecraft) Preparing start region for dimension minecraft:overworld
[17:45:56] [Render thread/INFO] (Minecraft) Preparing spawn area: 0%
[17:45:56] [Render thread/INFO] (Minecraft) Preparing spawn area: 0%
[17:45:56] [Render thread/INFO] (Minecraft) Preparing spawn area: 0%
[17:45:56] [Render thread/INFO] (Minecraft) Preparing spawn area: 0%
[17:45:56] [Render thread/INFO] (Minecraft) Preparing spawn area: 0%
[17:45:57] [Render thread/INFO] (Minecraft) Preparing spawn area: 23%
[17:45:57] [Render thread/INFO] (Minecraft) Time elapsed: 2996 ms
[17:45:57] [Server thread/INFO] (Minecraft) Changing view distance to 12, from 10
[17:45:57] [Server thread/INFO] (Minecraft) Changing simulation distance to 12, from 0
[17:45:58] [Server thread/INFO] (Minecraft) Player150[local:E:e2ec2092] logged in with entity id 24 at (2.518466212213542, -60.0, 36.29786344113769)
[17:45:58] [Server thread/INFO] (Minecraft) Player150 joined the game
[17:45:59] [Render thread/INFO] (Minecraft) Loaded 16 advancements
[17:46:22] [Server thread/INFO] (Minecraft) Player150 has made the advancement [Diamonds!]
[17:46:22] [Render thread/INFO] (Minecraft) [System] [CHAT] Player150 has made the advancement [Diamonds!]
[17:46:22] [Render thread/INFO] (Minecraft) Loaded 35 advancements
[17:46:29] [Server thread/INFO] (Minecraft) Saving and pausing game...
[17:46:29] [Server thread/INFO] (Minecraft) Saving chunks for level 'ServerLevel[Testing World]'/minecraft:overworld
[17:46:29] [Server thread/INFO] (Minecraft) Saving chunks for level 'ServerLevel[Testing World]'/minecraft:the_end
[17:46:29] [Server thread/INFO] (Minecraft) Saving chunks for level 'ServerLevel[Testing World]'/minecraft:the_nether
[17:46:29] [Server thread/INFO] (Minecraft) Player150 lost connection: Disconnected
[17:46:29] [Server thread/INFO] (Minecraft) Player150 left the game
[17:46:29] [Server thread/INFO] (Minecraft) Stopping singleplayer server as player logged out
[17:46:29] [Server thread/INFO] (Minecraft) Stopping server
[17:46:29] [Server thread/INFO] (Minecraft) Saving players
[17:46:29] [Server thread/INFO] (Minecraft) Saving worlds
[17:46:30] [Server thread/INFO] (Minecraft) Saving chunks for level 'ServerLevel[Testing World]'/minecraft:overworld
[17:46:31] [Server thread/INFO] (Minecraft) Saving chunks for level 'ServerLevel[Testing World]'/minecraft:the_end
[17:46:31] [Server thread/INFO] (Minecraft) Saving chunks for level 'ServerLevel[Testing World]'/minecraft:the_nether
[17:46:31] [Server thread/INFO] (Minecraft) ThreadedAnvilChunkStorage (Testing World): All chunks are saved
[17:46:31] [Server thread/INFO] (Minecraft) ThreadedAnvilChunkStorage (DIM1): All chunks are saved
[17:46:31] [Server thread/INFO] (Minecraft) ThreadedAnvilChunkStorage (DIM-1): All chunks are saved
[17:46:31] [Server thread/INFO] (Minecraft) ThreadedAnvilChunkStorage: All dimensions are saved
[17:46:34] [Render thread/INFO] (Minecraft) Loaded 7 recipes
[17:46:34] [Render thread/INFO] (Minecraft) Loaded 1179 advancements
[17:46:35] [Render thread/INFO] (BiomeModificationImpl) Applied 0 biome modifications to 0 of 63 new biomes in 257.1 ?s
[17:46:35] [Server thread/INFO] (Minecraft) Starting integrated minecraft server version 1.19.3
[17:46:35] [Server thread/INFO] (Minecraft) Generating keypair
[17:46:35] [Server thread/INFO] (Minecraft) Preparing start region for dimension minecraft:overworld
[17:46:37] [Render thread/INFO] (Minecraft) Preparing spawn area: 0%
[17:46:37] [Render thread/INFO] (Minecraft) Preparing spawn area: 0%
[17:46:37] [Render thread/INFO] (Minecraft) Preparing spawn area: 0%
[17:46:37] [Render thread/INFO] (Minecraft) Preparing spawn area: 0%
[17:46:37] [Render thread/INFO] (Minecraft) Preparing spawn area: 0%
[17:46:37] [Render thread/INFO] (Minecraft) Preparing spawn area: 66%
[17:46:37] [Render thread/INFO] (Minecraft) Time elapsed: 2665 ms
[17:46:37] [Server thread/INFO] (Minecraft) Changing view distance to 12, from 10
[17:46:37] [Server thread/INFO] (Minecraft) Changing simulation distance to 12, from 0
[17:46:37] [Server thread/INFO] (Minecraft) Player150[local:E:470262e0] logged in with entity id 77 at (4.991779195159046, -60.0, 34.01079897429914)
[17:46:37] [Server thread/INFO] (Minecraft) Player150 joined the game
[17:46:38] [Render thread/INFO] (Minecraft) Loaded 35 advancements
[17:46:44] [Server thread/INFO] (Minecraft) Saving and pausing game...
[17:46:44] [Server thread/INFO] (Minecraft) Saving chunks for level 'ServerLevel[Testing World]'/minecraft:overworld
[17:46:44] [Server thread/INFO] (Minecraft) Saving chunks for level 'ServerLevel[Testing World]'/minecraft:the_end
[17:46:44] [Server thread/INFO] (Minecraft) Saving chunks for level 'ServerLevel[Testing World]'/minecraft:the_nether
[17:46:46] [Server thread/INFO] (Minecraft) Player150 lost connection: Disconnected
[17:46:46] [Server thread/INFO] (Minecraft) Player150 left the game
[17:46:46] [Server thread/INFO] (Minecraft) Stopping singleplayer server as player logged out
[17:46:46] [Server thread/INFO] (Minecraft) Stopping server
[17:46:46] [Server thread/INFO] (Minecraft) Saving players
[17:46:46] [Server thread/INFO] (Minecraft) Saving worlds
[17:46:46] [Server thread/INFO] (Minecraft) Saving chunks for level 'ServerLevel[Testing World]'/minecraft:overworld
[17:46:47] [Server thread/INFO] (Minecraft) Saving chunks for level 'ServerLevel[Testing World]'/minecraft:the_end
[17:46:47] [Server thread/INFO] (Minecraft) Saving chunks for level 'ServerLevel[Testing World]'/minecraft:the_nether
[17:46:47] [Server thread/INFO] (Minecraft) ThreadedAnvilChunkStorage (Testing World): All chunks are saved
[17:46:47] [Server thread/INFO] (Minecraft) ThreadedAnvilChunkStorage (DIM1): All chunks are saved
[17:46:47] [Server thread/INFO] (Minecraft) ThreadedAnvilChunkStorage (DIM-1): All chunks are saved
[17:46:47] [Server thread/INFO] (Minecraft) ThreadedAnvilChunkStorage: All dimensions are saved
[17:46:51] [Render thread/INFO] (Minecraft) Loaded 7 recipes
[17:46:51] [Render thread/INFO] (Minecraft) Loaded 1179 advancements
[17:46:52] [Render thread/INFO] (BiomeModificationImpl) Applied 0 biome modifications to 0 of 63 new biomes in 198.1 ?s
[17:46:52] [Server thread/INFO] (Minecraft) Starting integrated minecraft server version 1.19.3
[17:46:52] [Server thread/INFO] (Minecraft) Generating keypair
[17:46:52] [Server thread/INFO] (Minecraft) Preparing start region for dimension minecraft:overworld
[17:46:53] [Render thread/INFO] (Minecraft) Preparing spawn area: 0%
[17:46:53] [Render thread/INFO] (Minecraft) Preparing spawn area: 0%
[17:46:53] [Render thread/INFO] (Minecraft) Preparing spawn area: 0%
[17:46:53] [Render thread/INFO] (Minecraft) Preparing spawn area: 18%
[17:46:54] [Render thread/INFO] (Minecraft) Time elapsed: 1899 ms
[17:46:54] [Server thread/INFO] (Minecraft) Changing view distance to 12, from 10
[17:46:54] [Server thread/INFO] (Minecraft) Changing simulation distance to 12, from 0
[17:46:54] [Server thread/INFO] (Minecraft) Player150[local:E:bdff7a35] logged in with entity id 127 at (4.991779195159046, -60.0, 34.01079897429914)
[17:46:54] [Server thread/INFO] (Minecraft) Player150 joined the game
[17:46:54] [Render thread/INFO] (Minecraft) Loaded 35 advancements
[17:47:02] [Render thread/INFO] (Minecraft) Loaded 38 advancements
[17:47:02] [Server thread/INFO] (Minecraft) Saving and pausing game...
[17:47:02] [Server thread/INFO] (Minecraft) Saving chunks for level 'ServerLevel[Testing World]'/minecraft:overworld
[17:47:02] [Server thread/INFO] (Minecraft) Saving chunks for level 'ServerLevel[Testing World]'/minecraft:the_end
[17:47:02] [Server thread/INFO] (Minecraft) Saving chunks for level 'ServerLevel[Testing World]'/minecraft:the_nether
[17:47:03] [Server thread/INFO] (Minecraft) Player150 lost connection: Disconnected
[17:47:03] [Server thread/INFO] (Minecraft) Player150 left the game
[17:47:03] [Server thread/INFO] (Minecraft) Stopping singleplayer server as player logged out
[17:47:03] [Server thread/INFO] (Minecraft) Stopping server
[17:47:03] [Server thread/INFO] (Minecraft) Saving players
[17:47:03] [Server thread/INFO] (Minecraft) Saving worlds
[17:47:03] [Server thread/INFO] (Minecraft) Saving chunks for level 'ServerLevel[Testing World]'/minecraft:overworld
[17:47:04] [Server thread/INFO] (Minecraft) Saving chunks for level 'ServerLevel[Testing World]'/minecraft:the_end
[17:47:04] [Server thread/INFO] (Minecraft) Saving chunks for level 'ServerLevel[Testing World]'/minecraft:the_nether
[17:47:04] [Server thread/INFO] (Minecraft) ThreadedAnvilChunkStorage (Testing World): All chunks are saved
[17:47:04] [Server thread/INFO] (Minecraft) ThreadedAnvilChunkStorage (DIM1): All chunks are saved
[17:47:04] [Server thread/INFO] (Minecraft) ThreadedAnvilChunkStorage (DIM-1): All chunks are saved
[17:47:04] [Server thread/INFO] (Minecraft) ThreadedAnvilChunkStorage: All dimensions are saved
[17:47:07] [Render thread/INFO] (Minecraft) Loaded 7 recipes
[17:47:07] [Render thread/INFO] (Minecraft) Loaded 1179 advancements
[17:47:07] [Render thread/INFO] (BiomeModificationImpl) Applied 0 biome modifications to 0 of 63 new biomes in 149.6 ?s
[17:47:07] [Server thread/INFO] (Minecraft) Starting integrated minecraft server version 1.19.3
[17:47:07] [Server thread/INFO] (Minecraft) Generating keypair
[17:47:07] [Server thread/INFO] (Minecraft) Preparing start region for dimension minecraft:overworld
[17:47:08] [Render thread/INFO] (Minecraft) Preparing spawn area: 0%
[17:47:08] [Render thread/INFO] (Minecraft) Preparing spawn area: 0%
[17:47:08] [Render thread/INFO] (Minecraft) Preparing spawn area: 0%
[17:47:09] [Render thread/INFO] (Minecraft) Preparing spawn area: 62%
[17:47:09] [Server thread/INFO] (Minecraft) Changing view distance to 12, from 10
[17:47:09] [Server thread/INFO] (Minecraft) Changing simulation distance to 12, from 0
[17:47:09] [Render thread/INFO] (Minecraft) Time elapsed: 1655 ms
[17:47:09] [Server thread/INFO] (Minecraft) Player150[local:E:bd291e97] logged in with entity id 177 at (4.791543304273671, -60.0, 34.38679943038041)
[17:47:09] [Server thread/INFO] (Minecraft) Player150 joined the game
[17:47:09] [Render thread/INFO] (Minecraft) Loaded 38 advancements
[17:47:17] [Server thread/INFO] (Minecraft) Saving and pausing game...
[17:47:17] [Server thread/INFO] (Minecraft) Saving chunks for level 'ServerLevel[Testing World]'/minecraft:overworld
[17:47:17] [Server thread/INFO] (Minecraft) Saving chunks for level 'ServerLevel[Testing World]'/minecraft:the_end
[17:47:17] [Server thread/INFO] (Minecraft) Saving chunks for level 'ServerLevel[Testing World]'/minecraft:the_nether
[17:47:18] [Server thread/INFO] (Minecraft) Player150 lost connection: Disconnected
[17:47:18] [Server thread/INFO] (Minecraft) Player150 left the game
[17:47:18] [Server thread/INFO] (Minecraft) Stopping singleplayer server as player logged out
[17:47:18] [Server thread/INFO] (Minecraft) Stopping server
[17:47:18] [Server thread/INFO] (Minecraft) Saving players
[17:47:18] [Server thread/INFO] (Minecraft) Saving worlds
[17:47:18] [Server thread/INFO] (Minecraft) Saving chunks for level 'ServerLevel[Testing World]'/minecraft:overworld
[17:47:20] [Server thread/INFO] (Minecraft) Saving chunks for level 'ServerLevel[Testing World]'/minecraft:the_end
[17:47:20] [Server thread/INFO] (Minecraft) Saving chunks for level 'ServerLevel[Testing World]'/minecraft:the_nether
[17:47:20] [Server thread/INFO] (Minecraft) ThreadedAnvilChunkStorage (Testing World): All chunks are saved
[17:47:20] [Server thread/INFO] (Minecraft) ThreadedAnvilChunkStorage (DIM1): All chunks are saved
[17:47:20] [Server thread/INFO] (Minecraft) ThreadedAnvilChunkStorage (DIM-1): All chunks are saved
[17:47:20] [Server thread/INFO] (Minecraft) ThreadedAnvilChunkStorage: All dimensions are saved
[17:47:22] [Render thread/INFO] (Minecraft) Loaded 7 recipes
[17:47:22] [Render thread/INFO] (Minecraft) Loaded 1179 advancements
[17:47:23] [Render thread/INFO] (BiomeModificationImpl) Applied 0 biome modifications to 0 of 63 new biomes in 146.8 ?s
[17:47:23] [Server thread/INFO] (Minecraft) Starting integrated minecraft server version 1.19.3
[17:47:23] [Server thread/INFO] (Minecraft) Generating keypair
[17:47:23] [Server thread/INFO] (Minecraft) Preparing start region for dimension minecraft:overworld
[17:47:24] [Render thread/INFO] (Minecraft) Preparing spawn area: 0%
[17:47:24] [Render thread/INFO] (Minecraft) Preparing spawn area: 0%
[17:47:24] [Render thread/INFO] (Minecraft) Preparing spawn area: 0%
[17:47:24] [Render thread/INFO] (Minecraft) Preparing spawn area: 32%
[17:47:25] [Server thread/INFO] (Minecraft) Changing view distance to 12, from 10
[17:47:25] [Server thread/INFO] (Minecraft) Changing simulation distance to 12, from 0
[17:47:25] [Render thread/INFO] (Minecraft) Time elapsed: 1804 ms
[17:47:25] [Server thread/INFO] (Minecraft) Player150[local:E:03cbe565] logged in with entity id 227 at (4.791543304273671, -60.0, 34.38679943038041)
[17:47:25] [Server thread/INFO] (Minecraft) Player150 joined the game
[17:47:25] [Render thread/INFO] (Minecraft) Loaded 38 advancements
[17:47:32] [Server thread/INFO] (Minecraft) Saving and pausing game...
[17:47:32] [Server thread/INFO] (Minecraft) Saving chunks for level 'ServerLevel[Testing World]'/minecraft:overworld
[17:47:32] [Server thread/INFO] (Minecraft) Saving chunks for level 'ServerLevel[Testing World]'/minecraft:the_end
[17:47:32] [Server thread/INFO] (Minecraft) Saving chunks for level 'ServerLevel[Testing World]'/minecraft:the_nether
[17:47:33] [Server thread/INFO] (Minecraft) Player150 lost connection: Disconnected
[17:47:33] [Server thread/INFO] (Minecraft) Player150 left the game
[17:47:33] [Server thread/INFO] (Minecraft) Stopping singleplayer server as player logged out
[17:47:33] [Server thread/INFO] (Minecraft) Stopping server
[17:47:33] [Server thread/INFO] (Minecraft) Saving players
[17:47:33] [Server thread/INFO] (Minecraft) Saving worlds
[17:47:33] [Server thread/INFO] (Minecraft) Saving chunks for level 'ServerLevel[Testing World]'/minecraft:overworld
[17:47:34] [Server thread/INFO] (Minecraft) Saving chunks for level 'ServerLevel[Testing World]'/minecraft:the_end
[17:47:34] [Server thread/INFO] (Minecraft) Saving chunks for level 'ServerLevel[Testing World]'/minecraft:the_nether
[17:47:34] [Server thread/INFO] (Minecraft) ThreadedAnvilChunkStorage (Testing World): All chunks are saved
[17:47:34] [Server thread/INFO] (Minecraft) ThreadedAnvilChunkStorage (DIM1): All chunks are saved
[17:47:34] [Server thread/INFO] (Minecraft) ThreadedAnvilChunkStorage (DIM-1): All chunks are saved
[17:47:34] [Server thread/INFO] (Minecraft) ThreadedAnvilChunkStorage: All dimensions are saved
[17:47:37] [Render thread/INFO] (Minecraft) Loaded 7 recipes
[17:47:37] [Render thread/INFO] (Minecraft) Loaded 1179 advancements
[17:47:37] [Render thread/INFO] (BiomeModificationImpl) Applied 0 biome modifications to 0 of 63 new biomes in 152.3 ?s
[17:47:37] [Server thread/INFO] (Minecraft) Starting integrated minecraft server version 1.19.3
[17:47:37] [Server thread/INFO] (Minecraft) Generating keypair
[17:47:38] [Server thread/INFO] (Minecraft) Preparing start region for dimension minecraft:overworld
[17:47:38] [Render thread/INFO] (Minecraft) Preparing spawn area: 0%
[17:47:38] [Render thread/INFO] (Minecraft) Preparing spawn area: 0%
[17:47:39] [Render thread/INFO] (Minecraft) Preparing spawn area: 28%
[17:47:39] [Render thread/INFO] (Minecraft) Time elapsed: 1389 ms
[17:47:39] [Server thread/INFO] (Minecraft) Changing view distance to 12, from 10
[17:47:39] [Server thread/INFO] (Minecraft) Changing simulation distance to 12, from 0
[17:47:39] [Server thread/INFO] (Minecraft) Player150[local:E:ee6ad882] logged in with entity id 276 at (4.791543304273671, -60.0, 34.38679943038041)
[17:47:39] [Server thread/INFO] (Minecraft) Player150 joined the game
[17:47:39] [Render thread/INFO] (Minecraft) Loaded 38 advancements
[17:48:04] [Render thread/INFO] (Minecraft) Loaded 45 advancements
[17:50:01] [Server thread/INFO] (Minecraft) Saving and pausing game...
[17:50:01] [Server thread/INFO] (Minecraft) Saving chunks for level 'ServerLevel[Testing World]'/minecraft:overworld
[17:50:01] [Server thread/INFO] (Minecraft) Saving chunks for level 'ServerLevel[Testing World]'/minecraft:the_end
[17:50:01] [Server thread/INFO] (Minecraft) Saving chunks for level 'ServerLevel[Testing World]'/minecraft:the_nether
